<?xml version="1.0" encoding="UTF-8"?>
<!-- Generated by org.testng.reporters.JUnitReportReporter -->
<testsuite skipped="0" hostname="WL304683" name="com.calling.app.DialerFunction" tests="1" failures="0" timestamp="10 May 2019 18:47:54 GMT" time="22.994" errors="0">
  <testcase name="Search" time="22.994" classname="com.calling.app.DialerFunction"/>
</testsuite> <!-- com.calling.app.DialerFunction -->
