<?xml version="1.0" encoding="UTF-8"?>
<!-- Generated by org.testng.reporters.JUnitReportReporter -->
<testsuite skipped="0" hostname="WL304683" name="com.calculator.app.CalculatorAppAdd" tests="1" failures="0" timestamp="08 Nov 2019 08:30:20 GMT" time="271.563" errors="0">
  <testcase name="setUp" time="271.563" classname="com.calculator.app.CalculatorAppAdd"/>
</testsuite> <!-- com.calculator.app.CalculatorAppAdd -->
